This file contains any messages produced by compilers while
running configure, to aid debugging if configure makes a mistake.

It was created by configure, which was
generated by GNU Autoconf 2.68.  Invocation command line was

  $ /home/michael/Lab/dwipe2/newlib-build/../newlib/libgloss/libnosys/configure --disable-option-checking --prefix=/home/michael/Lab/dwipe2/newlib-build/../newlib-output --with-newlib --enable-multilib --with-cross-host=i686-pc-linux-gnu --enable-languages=c --program-transform-name=s&^&i386-elf-& --with-target-subdir=i386-elf --build=i686-pc-linux-gnu --host=i386-elf --target=i386-elf build_alias=i686-pc-linux-gnu host_alias=i386-elf target_alias=i386-elf --cache-file=.././config.cache --srcdir=/home/michael/Lab/dwipe2/newlib-build/../newlib/libgloss/libnosys

## --------- ##
## Platform. ##
## --------- ##

hostname = localhost.localdomain
uname -m = i686
uname -r = 2.6.33.7-co-0.7.9
uname -s = Linux
uname -v = #1 PREEMPT Sat Apr 9 20:30:51 UTC 2011

/usr/bin/uname -p = unknown
/bin/uname -X     = unknown

/bin/arch              = i686
/usr/bin/arch -k       = unknown
/usr/convex/getsysinfo = unknown
/usr/bin/hostinfo      = unknown
/bin/machine           = unknown
/usr/bin/oslevel       = unknown
/bin/universe          = unknown

PATH: /sbin
PATH: /bin
PATH: /usr/sbin
PATH: /usr/bin


## ----------- ##
## Core tests. ##
## ----------- ##

configure:1662: loading cache .././config.cache
configure:1793: checking build system type
configure:1807: result: i686-pc-linux-gnu
configure:1827: checking host system type
configure:1840: result: i386-pc-elf
configure:1860: checking target system type
configure:1873: result: i386-pc-elf
configure:1925: checking for a BSD-compatible install
configure:1993: result: /usr/bin/install -c
configure:2061: checking for .previous assembler directive
configure:2072: i386-elf-gcc -B/home/michael/Lab/dwipe2/newlib-build/i386-elf/newlib/ -isystem /home/michael/Lab/dwipe2/newlib-build/i386-elf/newlib/targ-include -isystem /home/michael/Lab/dwipe2/newlib/newlib/libc/include -B/home/michael/Lab/dwipe2/newlib-build/i386-elf/libgloss/i386 -L/home/michael/Lab/dwipe2/newlib-build/i386-elf/libgloss/libnosys -L/home/michael/Lab/dwipe2/newlib/libgloss/i386    -c  conftest.s 1>&5
configure:2075: $? = 0
configure:2081: result: yes
configure:2089: checking for .popsection assembler directive
configure:2100: i386-elf-gcc -B/home/michael/Lab/dwipe2/newlib-build/i386-elf/newlib/ -isystem /home/michael/Lab/dwipe2/newlib-build/i386-elf/newlib/targ-include -isystem /home/michael/Lab/dwipe2/newlib/newlib/libc/include -B/home/michael/Lab/dwipe2/newlib-build/i386-elf/libgloss/i386 -L/home/michael/Lab/dwipe2/newlib-build/i386-elf/libgloss/libnosys -L/home/michael/Lab/dwipe2/newlib/libgloss/i386    -c  conftest.s 1>&5
configure:2103: $? = 0
configure:2109: result: yes
configure:2117: checking for section attributes
configure:2128: i386-elf-gcc -B/home/michael/Lab/dwipe2/newlib-build/i386-elf/newlib/ -isystem /home/michael/Lab/dwipe2/newlib-build/i386-elf/newlib/targ-include -isystem /home/michael/Lab/dwipe2/newlib/newlib/libc/include -B/home/michael/Lab/dwipe2/newlib-build/i386-elf/libgloss/i386 -L/home/michael/Lab/dwipe2/newlib-build/i386-elf/libgloss/libnosys -L/home/michael/Lab/dwipe2/newlib/libgloss/i386    -c  conftest.c 1>&5
configure:2131: $? = 0
configure:2137: result: yes
configure:2146: checking for symbol prefix
configure:2156: i386-elf-gcc -B/home/michael/Lab/dwipe2/newlib-build/i386-elf/newlib/ -isystem /home/michael/Lab/dwipe2/newlib-build/i386-elf/newlib/targ-include -isystem /home/michael/Lab/dwipe2/newlib/newlib/libc/include -B/home/michael/Lab/dwipe2/newlib-build/i386-elf/libgloss/i386 -L/home/michael/Lab/dwipe2/newlib-build/i386-elf/libgloss/libnosys -L/home/michael/Lab/dwipe2/newlib/libgloss/i386    -S conftest.c -o - | fgrep $foo > /dev/null
configure:2159: $? = 1
configure:2165: i386-elf-gcc -B/home/michael/Lab/dwipe2/newlib-build/i386-elf/newlib/ -isystem /home/michael/Lab/dwipe2/newlib-build/i386-elf/newlib/targ-include -isystem /home/michael/Lab/dwipe2/newlib/newlib/libc/include -B/home/michael/Lab/dwipe2/newlib-build/i386-elf/libgloss/i386 -L/home/michael/Lab/dwipe2/newlib-build/i386-elf/libgloss/libnosys -L/home/michael/Lab/dwipe2/newlib/libgloss/i386    -S conftest.c -o - | fgrep _foo > /dev/null
configure:2168: $? = 1
configure:2176: result: none
configure:2209: checking for style of include used by make
configure:2237: result: GNU
configure:2264: checking for gcc
configure:2291: result: i386-elf-gcc -B/home/michael/Lab/dwipe2/newlib-build/i386-elf/newlib/ -isystem /home/michael/Lab/dwipe2/newlib-build/i386-elf/newlib/targ-include -isystem /home/michael/Lab/dwipe2/newlib/newlib/libc/include -B/home/michael/Lab/dwipe2/newlib-build/i386-elf/libgloss/i386 -L/home/michael/Lab/dwipe2/newlib-build/i386-elf/libgloss/libnosys -L/home/michael/Lab/dwipe2/newlib/libgloss/i386   
configure:2302: checking dependency style of i386-elf-gcc -B/home/michael/Lab/dwipe2/newlib-build/i386-elf/newlib/ -isystem /home/michael/Lab/dwipe2/newlib-build/i386-elf/newlib/targ-include -isystem /home/michael/Lab/dwipe2/newlib/newlib/libc/include -B/home/michael/Lab/dwipe2/newlib-build/i386-elf/libgloss/i386 -L/home/michael/Lab/dwipe2/newlib-build/i386-elf/libgloss/libnosys -L/home/michael/Lab/dwipe2/newlib/libgloss/i386   
configure:2392: result: gcc3
configure:2467: checking whether we are using GNU C
configure:2488: result: yes
configure:2498: checking whether i386-elf-gcc -B/home/michael/Lab/dwipe2/newlib-build/i386-elf/newlib/ -isystem /home/michael/Lab/dwipe2/newlib-build/i386-elf/newlib/targ-include -isystem /home/michael/Lab/dwipe2/newlib/newlib/libc/include -B/home/michael/Lab/dwipe2/newlib-build/i386-elf/libgloss/i386 -L/home/michael/Lab/dwipe2/newlib-build/i386-elf/libgloss/libnosys -L/home/michael/Lab/dwipe2/newlib/libgloss/i386    accepts -g
configure:2559: result: no
configure:2597: checking for i386-elf-ranlib
configure:2624: result: i386-elf-ranlib
configure:2767: updating cache .././config.cache
configure:2824: creating ./config.status

## ---------------------- ##
## Running config.status. ##
## ---------------------- ##

This file was extended by config.status, which was
generated by GNU Autoconf 2.68.  Invocation command line was

  CONFIG_FILES    = 
  CONFIG_HEADERS  = 
  CONFIG_LINKS    = 
  CONFIG_COMMANDS = 
  $ ./config.status 

on localhost.localdomain

config.status:878: creating Makefile
config.status:878: creating config.h
config.status:1057: executing depfiles commands

## ---------------- ##
## Cache variables. ##
## ---------------- ##

ac_cv_build=i686-pc-linux-gnu
ac_cv_c_compiler_gnu=yes
ac_cv_env_CCASFLAGS_set=
ac_cv_env_CCASFLAGS_value=
ac_cv_env_CCAS_set=
ac_cv_env_CCAS_value=
ac_cv_env_build_alias_set=set
ac_cv_env_build_alias_value=i686-pc-linux-gnu
ac_cv_env_host_alias_set=set
ac_cv_env_host_alias_value=i386-elf
ac_cv_env_target_alias_set=set
ac_cv_env_target_alias_value=i386-elf
ac_cv_host=i386-pc-elf
ac_cv_prog_AR=i386-elf-ar
ac_cv_prog_AWK=gawk
ac_cv_prog_CC='i386-elf-gcc -B/home/michael/Lab/dwipe2/newlib-build/i386-elf/newlib/ -isystem /home/michael/Lab/dwipe2/newlib-build/i386-elf/newlib/targ-include -isystem /home/michael/Lab/dwipe2/newlib/newlib/libc/include -B/home/michael/Lab/dwipe2/newlib-build/i386-elf/libgloss/i386 -L/home/michael/Lab/dwipe2/newlib-build/i386-elf/libgloss/libnosys -L/home/michael/Lab/dwipe2/newlib/libgloss/i386   '
ac_cv_prog_RANLIB=i386-elf-ranlib
ac_cv_prog_STRIP=i386-elf-strip
ac_cv_prog_cc_g=no
ac_cv_prog_make_make_set=yes
ac_cv_target=i386-pc-elf
am_cv_CC_dependencies_compiler_type=gcc3
libc_cv_asm_popsection_directive=yes
libc_cv_asm_previous_directive=yes
libc_cv_section_attributes=yes
libc_cv_symbol_prefix=none

## ----------------- ##
## Output variables. ##
## ----------------- ##

AMDEPBACKSLASH='\'
AMDEP_FALSE='#'
AMDEP_TRUE=''
AR='i386-elf-ar'
AS='i386-elf-as'
CC='i386-elf-gcc -B/home/michael/Lab/dwipe2/newlib-build/i386-elf/newlib/ -isystem /home/michael/Lab/dwipe2/newlib-build/i386-elf/newlib/targ-include -isystem /home/michael/Lab/dwipe2/newlib/newlib/libc/include -B/home/michael/Lab/dwipe2/newlib-build/i386-elf/libgloss/i386 -L/home/michael/Lab/dwipe2/newlib-build/i386-elf/libgloss/libnosys -L/home/michael/Lab/dwipe2/newlib/libgloss/i386   '
CCAS='i386-elf-gcc -B/home/michael/Lab/dwipe2/newlib-build/i386-elf/newlib/ -isystem /home/michael/Lab/dwipe2/newlib-build/i386-elf/newlib/targ-include -isystem /home/michael/Lab/dwipe2/newlib/newlib/libc/include -B/home/michael/Lab/dwipe2/newlib-build/i386-elf/libgloss/i386 -L/home/michael/Lab/dwipe2/newlib-build/i386-elf/libgloss/libnosys -L/home/michael/Lab/dwipe2/newlib/libgloss/i386   '
CCASFLAGS=''
CCDEPMODE='depmode=gcc3'
DEFS='-DHAVE_CONFIG_H'
DEPDIR='.deps'
ECHO_C=''
ECHO_N='-n'
ECHO_T=''
INSTALL_DATA='/usr/bin/install -c -m 644'
INSTALL_PROGRAM='/usr/bin/install -c'
INSTALL_SCRIPT='/usr/bin/install -c'
LD='i386-elf-ld'
LIBOBJS=''
LIBS=''
LTLIBOBJS=''
PACKAGE_BUGREPORT=''
PACKAGE_NAME=''
PACKAGE_STRING=''
PACKAGE_TARNAME=''
PACKAGE_URL=''
PACKAGE_VERSION=''
PATH_SEPARATOR=':'
RANLIB='i386-elf-ranlib'
SHELL='/bin/sh'
am__fastdepCC_FALSE='#'
am__fastdepCC_TRUE=''
am__include='include'
am__leading_dot='.'
am__quote=''
bindir='${exec_prefix}/bin'
build='i686-pc-linux-gnu'
build_alias='i686-pc-linux-gnu'
build_cpu='i686'
build_os='linux-gnu'
build_vendor='pc'
datadir='${datarootdir}'
datarootdir='${prefix}/share'
docdir='${datarootdir}/doc/${PACKAGE}'
dvidir='${docdir}'
exec_prefix='${prefix}'
host='i386-pc-elf'
host_alias='i386-elf'
host_cpu='i386'
host_makefile_frag_path='/home/michael/Lab/dwipe2/newlib-build/../newlib/libgloss/libnosys/../config/default.mh'
host_os='elf'
host_vendor='pc'
htmldir='${docdir}'
includedir='${prefix}/include'
infodir='${datarootdir}/info'
libdir='${exec_prefix}/lib'
libexecdir='${exec_prefix}/libexec'
localedir='${datarootdir}/locale'
localstatedir='${prefix}/var'
mandir='${datarootdir}/man'
oldincludedir='/usr/include'
pdfdir='${docdir}'
prefix='/home/michael/Lab/dwipe2/newlib-build/../newlib-output'
program_transform_name='s&^&i386-elf-&'
psdir='${docdir}'
sbindir='${exec_prefix}/sbin'
sharedstatedir='${prefix}/com'
sysconfdir='${prefix}/etc'
target='i386-pc-elf'
target_alias='i386-elf'
target_cpu='i386'
target_os='elf'
target_vendor='pc'

## ------------------- ##
## File substitutions. ##
## ------------------- ##

host_makefile_frag='/home/michael/Lab/dwipe2/newlib-build/../newlib/libgloss/libnosys/../config/default.mh'

## ----------- ##
## confdefs.h. ##
## ----------- ##

/* confdefs.h */
#define PACKAGE_NAME ""
#define PACKAGE_TARNAME ""
#define PACKAGE_VERSION ""
#define PACKAGE_STRING ""
#define PACKAGE_BUGREPORT ""
#define PACKAGE_URL ""
#define HAVE_GNU_LD 1
#define MISSING_SYSCALL_NAMES 1
#define HAVE_ELF 1
#define HAVE_ASM_PREVIOUS_DIRECTIVE 1
#define HAVE_ASM_POPSECTION_DIRECTIVE 1
#define HAVE_SECTION_ATTRIBUTES 1
#define __SYMBOL_PREFIX ""

configure: exit 0
