This file contains any messages produced by compilers while
running configure, to aid debugging if configure makes a mistake.

It was created by libgloss configure LIBGLOSS_VERSION, which was
generated by GNU Autoconf 2.68.  Invocation command line was

  $ /home/michael/Lab/dwipe2/newlib/libgloss/configure --cache-file=./config.cache --with-newlib --enable-multilib --with-cross-host=i686-pc-linux-gnu --enable-languages=c --prefix=/home/michael/Lab/dwipe2/newlib-build/../newlib-output --program-transform-name=s&^&i386-elf-& --disable-option-checking --with-target-subdir=i386-elf --build=i686-pc-linux-gnu --host=i386-elf --target=i386-elf --srcdir=/home/michael/Lab/dwipe2/newlib-build/../newlib/libgloss

## --------- ##
## Platform. ##
## --------- ##

hostname = localhost.localdomain
uname -m = i686
uname -r = 2.6.33.7-co-0.7.9
uname -s = Linux
uname -v = #1 PREEMPT Sat Apr 9 20:30:51 UTC 2011

/usr/bin/uname -p = unknown
/bin/uname -X     = unknown

/bin/arch              = i686
/usr/bin/arch -k       = unknown
/usr/convex/getsysinfo = unknown
/usr/bin/hostinfo      = unknown
/bin/machine           = unknown
/usr/bin/oslevel       = unknown
/bin/universe          = unknown

PATH: /sbin
PATH: /bin
PATH: /usr/sbin
PATH: /usr/bin


## ----------- ##
## Core tests. ##
## ----------- ##

configure:1733: creating cache ./config.cache
configure:1865: checking for a BSD-compatible install
configure:1933: result: /usr/bin/install -c
configure:1949: checking build system type
configure:1963: result: i686-pc-linux-gnu
configure:1983: checking host system type
configure:1996: result: i386-pc-elf
configure:2016: checking target system type
configure:2029: result: i386-pc-elf
configure:2057: checking whether build environment is sane
configure:2094: result: yes
configure:2156: checking for gawk
configure:2183: result: gawk
configure:2194: checking whether make sets $(MAKE)
configure:2216: result: yes
configure:2281: checking for i386-elf-strip
configure:2308: result: i386-elf-strip
configure:2586: checking for style of include used by make
configure:2614: result: GNU
configure:2641: checking for gcc
configure:2668: result: i386-elf-gcc -B/home/michael/Lab/dwipe2/newlib-build/i386-elf/newlib/ -isystem /home/michael/Lab/dwipe2/newlib-build/i386-elf/newlib/targ-include -isystem /home/michael/Lab/dwipe2/newlib/newlib/libc/include -B/home/michael/Lab/dwipe2/newlib-build/i386-elf/libgloss/i386 -L/home/michael/Lab/dwipe2/newlib-build/i386-elf/libgloss/libnosys -L/home/michael/Lab/dwipe2/newlib/libgloss/i386   
configure:2679: checking dependency style of i386-elf-gcc -B/home/michael/Lab/dwipe2/newlib-build/i386-elf/newlib/ -isystem /home/michael/Lab/dwipe2/newlib-build/i386-elf/newlib/targ-include -isystem /home/michael/Lab/dwipe2/newlib/newlib/libc/include -B/home/michael/Lab/dwipe2/newlib-build/i386-elf/libgloss/i386 -L/home/michael/Lab/dwipe2/newlib-build/i386-elf/libgloss/libnosys -L/home/michael/Lab/dwipe2/newlib/libgloss/i386   
configure:2769: result: gcc3
configure:2844: checking whether we are using GNU C
configure:2855: i386-elf-gcc -B/home/michael/Lab/dwipe2/newlib-build/i386-elf/newlib/ -isystem /home/michael/Lab/dwipe2/newlib-build/i386-elf/newlib/targ-include -isystem /home/michael/Lab/dwipe2/newlib/newlib/libc/include -B/home/michael/Lab/dwipe2/newlib-build/i386-elf/libgloss/i386 -L/home/michael/Lab/dwipe2/newlib-build/i386-elf/libgloss/libnosys -L/home/michael/Lab/dwipe2/newlib/libgloss/i386    -E conftest.c
configure:2858: $? = 0
configure:2865: result: yes
configure:2875: checking whether i386-elf-gcc -B/home/michael/Lab/dwipe2/newlib-build/i386-elf/newlib/ -isystem /home/michael/Lab/dwipe2/newlib-build/i386-elf/newlib/targ-include -isystem /home/michael/Lab/dwipe2/newlib/newlib/libc/include -B/home/michael/Lab/dwipe2/newlib-build/i386-elf/libgloss/i386 -L/home/michael/Lab/dwipe2/newlib-build/i386-elf/libgloss/libnosys -L/home/michael/Lab/dwipe2/newlib/libgloss/i386    accepts -g
configure:2895: i386-elf-gcc -B/home/michael/Lab/dwipe2/newlib-build/i386-elf/newlib/ -isystem /home/michael/Lab/dwipe2/newlib-build/i386-elf/newlib/targ-include -isystem /home/michael/Lab/dwipe2/newlib/newlib/libc/include -B/home/michael/Lab/dwipe2/newlib-build/i386-elf/libgloss/i386 -L/home/michael/Lab/dwipe2/newlib-build/i386-elf/libgloss/libnosys -L/home/michael/Lab/dwipe2/newlib/libgloss/i386    -c -g  conftest.c >&5
configure:2895: $? = 0
configure: failed program was:
| /* confdefs.h */
| #define PACKAGE_NAME "libgloss"
| #define PACKAGE_TARNAME "libgloss"
| #define PACKAGE_VERSION "LIBGLOSS_VERSION"
| #define PACKAGE_STRING "libgloss LIBGLOSS_VERSION"
| #define PACKAGE_BUGREPORT ""
| #define PACKAGE_URL ""
| /* end confdefs.h.  */
| 
| int
| main ()
| {
| 
|   ;
|   return 0;
| }
configure:2910: i386-elf-gcc -B/home/michael/Lab/dwipe2/newlib-build/i386-elf/newlib/ -isystem /home/michael/Lab/dwipe2/newlib-build/i386-elf/newlib/targ-include -isystem /home/michael/Lab/dwipe2/newlib/newlib/libc/include -B/home/michael/Lab/dwipe2/newlib-build/i386-elf/libgloss/i386 -L/home/michael/Lab/dwipe2/newlib-build/i386-elf/libgloss/libnosys -L/home/michael/Lab/dwipe2/newlib/libgloss/i386    -c   conftest.c >&5
configure:2910: $? = 0
configure: failed program was:
| /* confdefs.h */
| #define PACKAGE_NAME "libgloss"
| #define PACKAGE_TARNAME "libgloss"
| #define PACKAGE_VERSION "LIBGLOSS_VERSION"
| #define PACKAGE_STRING "libgloss LIBGLOSS_VERSION"
| #define PACKAGE_BUGREPORT ""
| #define PACKAGE_URL ""
| /* end confdefs.h.  */
| 
| int
| main ()
| {
| 
|   ;
|   return 0;
| }
configure:2926: i386-elf-gcc -B/home/michael/Lab/dwipe2/newlib-build/i386-elf/newlib/ -isystem /home/michael/Lab/dwipe2/newlib-build/i386-elf/newlib/targ-include -isystem /home/michael/Lab/dwipe2/newlib/newlib/libc/include -B/home/michael/Lab/dwipe2/newlib-build/i386-elf/libgloss/i386 -L/home/michael/Lab/dwipe2/newlib-build/i386-elf/libgloss/libnosys -L/home/michael/Lab/dwipe2/newlib/libgloss/i386    -c -g  conftest.c >&5
configure:2926: $? = 0
configure: failed program was:
| /* confdefs.h */
| #define PACKAGE_NAME "libgloss"
| #define PACKAGE_TARNAME "libgloss"
| #define PACKAGE_VERSION "LIBGLOSS_VERSION"
| #define PACKAGE_STRING "libgloss LIBGLOSS_VERSION"
| #define PACKAGE_BUGREPORT ""
| #define PACKAGE_URL ""
| /* end confdefs.h.  */
| 
| int
| main ()
| {
| 
|   ;
|   return 0;
| }
configure:2936: result: no
configure:2969: checking for ar
configure:2997: result: i386-elf-ar
configure:3012: checking for i386-elf-ranlib
configure:3039: result: i386-elf-ranlib
configure:3189: updating cache ./config.cache
configure:3282: creating ./config.status

## ---------------------- ##
## Running config.status. ##
## ---------------------- ##

This file was extended by libgloss config.status LIBGLOSS_VERSION, which was
generated by GNU Autoconf 2.68.  Invocation command line was

  CONFIG_FILES    = 
  CONFIG_HEADERS  = 
  CONFIG_LINKS    = 
  CONFIG_COMMANDS = 
  $ ./config.status 

on localhost.localdomain

config.status:827: creating Makefile
config.status:983: executing depfiles commands
configure:4524: === configuring in doc (/home/michael/Lab/dwipe2/newlib-build/i386-elf/libgloss/doc)
configure:4587: running /bin/sh /home/michael/Lab/dwipe2/newlib-build/../newlib/libgloss/doc/configure --disable-option-checking '--prefix=/home/michael/Lab/dwipe2/newlib-build/../newlib-output'  '--with-newlib' '--enable-multilib' '--with-cross-host=i686-pc-linux-gnu' '--enable-languages=c' '--program-transform-name=s&^&i386-elf-&' '--with-target-subdir=i386-elf' '--build=i686-pc-linux-gnu' '--host=i386-elf' '--target=i386-elf' 'build_alias=i686-pc-linux-gnu' 'host_alias=i386-elf' 'target_alias=i386-elf' --cache-file=.././config.cache --srcdir=/home/michael/Lab/dwipe2/newlib-build/../newlib/libgloss/doc
configure:4524: === configuring in i386 (/home/michael/Lab/dwipe2/newlib-build/i386-elf/libgloss/i386)
configure:4587: running /bin/sh /home/michael/Lab/dwipe2/newlib-build/../newlib/libgloss/i386/configure --disable-option-checking '--prefix=/home/michael/Lab/dwipe2/newlib-build/../newlib-output'  '--with-newlib' '--enable-multilib' '--with-cross-host=i686-pc-linux-gnu' '--enable-languages=c' '--program-transform-name=s&^&i386-elf-&' '--with-target-subdir=i386-elf' '--build=i686-pc-linux-gnu' '--host=i386-elf' '--target=i386-elf' 'build_alias=i686-pc-linux-gnu' 'host_alias=i386-elf' 'target_alias=i386-elf' --cache-file=.././config.cache --srcdir=/home/michael/Lab/dwipe2/newlib-build/../newlib/libgloss/i386
configure:4524: === configuring in libnosys (/home/michael/Lab/dwipe2/newlib-build/i386-elf/libgloss/libnosys)
configure:4587: running /bin/sh /home/michael/Lab/dwipe2/newlib-build/../newlib/libgloss/libnosys/configure --disable-option-checking '--prefix=/home/michael/Lab/dwipe2/newlib-build/../newlib-output'  '--with-newlib' '--enable-multilib' '--with-cross-host=i686-pc-linux-gnu' '--enable-languages=c' '--program-transform-name=s&^&i386-elf-&' '--with-target-subdir=i386-elf' '--build=i686-pc-linux-gnu' '--host=i386-elf' '--target=i386-elf' 'build_alias=i686-pc-linux-gnu' 'host_alias=i386-elf' 'target_alias=i386-elf' --cache-file=.././config.cache --srcdir=/home/michael/Lab/dwipe2/newlib-build/../newlib/libgloss/libnosys
configure:4524: === configuring in minios (/home/michael/Lab/dwipe2/newlib-build/i386-elf/libgloss/minios)
configure:4587: running /bin/sh /home/michael/Lab/dwipe2/newlib-build/../newlib/libgloss/minios/configure --disable-option-checking '--prefix=/home/michael/Lab/dwipe2/newlib-build/../newlib-output'  '--with-newlib' '--enable-multilib' '--with-cross-host=i686-pc-linux-gnu' '--enable-languages=c' '--program-transform-name=s&^&i386-elf-&' '--with-target-subdir=i386-elf' '--build=i686-pc-linux-gnu' '--host=i386-elf' '--target=i386-elf' 'build_alias=i686-pc-linux-gnu' 'host_alias=i386-elf' 'target_alias=i386-elf' --cache-file=.././config.cache --srcdir=/home/michael/Lab/dwipe2/newlib-build/../newlib/libgloss/minios

## ---------------- ##
## Cache variables. ##
## ---------------- ##

ac_cv_build=i686-pc-linux-gnu
ac_cv_c_compiler_gnu=yes
ac_cv_env_CCASFLAGS_set=
ac_cv_env_CCASFLAGS_value=
ac_cv_env_CCAS_set=
ac_cv_env_CCAS_value=
ac_cv_env_build_alias_set=set
ac_cv_env_build_alias_value=i686-pc-linux-gnu
ac_cv_env_host_alias_set=set
ac_cv_env_host_alias_value=i386-elf
ac_cv_env_target_alias_set=set
ac_cv_env_target_alias_value=i386-elf
ac_cv_host=i386-pc-elf
ac_cv_prog_AR=i386-elf-ar
ac_cv_prog_AWK=gawk
ac_cv_prog_CC='i386-elf-gcc -B/home/michael/Lab/dwipe2/newlib-build/i386-elf/newlib/ -isystem /home/michael/Lab/dwipe2/newlib-build/i386-elf/newlib/targ-include -isystem /home/michael/Lab/dwipe2/newlib/newlib/libc/include -B/home/michael/Lab/dwipe2/newlib-build/i386-elf/libgloss/i386 -L/home/michael/Lab/dwipe2/newlib-build/i386-elf/libgloss/libnosys -L/home/michael/Lab/dwipe2/newlib/libgloss/i386   '
ac_cv_prog_RANLIB=i386-elf-ranlib
ac_cv_prog_STRIP=i386-elf-strip
ac_cv_prog_cc_g=no
ac_cv_prog_make_make_set=yes
ac_cv_target=i386-pc-elf
am_cv_CC_dependencies_compiler_type=gcc3

## ----------------- ##
## Output variables. ##
## ----------------- ##

ACLOCAL='${SHELL} /home/michael/Lab/dwipe2/newlib/missing --run aclocal-1.9'
AMDEPBACKSLASH='\'
AMDEP_FALSE='#'
AMDEP_TRUE=''
AMTAR='${SHELL} /home/michael/Lab/dwipe2/newlib/missing --run tar'
AR='i386-elf-ar'
AS='i386-elf-as'
AUTOCONF='${SHELL} /home/michael/Lab/dwipe2/newlib/missing --run autoconf'
AUTOHEADER='${SHELL} /home/michael/Lab/dwipe2/newlib/missing --run autoheader'
AUTOMAKE='${SHELL} /home/michael/Lab/dwipe2/newlib/missing --run automake-1.9'
AWK='gawk'
CC='i386-elf-gcc -B/home/michael/Lab/dwipe2/newlib-build/i386-elf/newlib/ -isystem /home/michael/Lab/dwipe2/newlib-build/i386-elf/newlib/targ-include -isystem /home/michael/Lab/dwipe2/newlib/newlib/libc/include -B/home/michael/Lab/dwipe2/newlib-build/i386-elf/libgloss/i386 -L/home/michael/Lab/dwipe2/newlib-build/i386-elf/libgloss/libnosys -L/home/michael/Lab/dwipe2/newlib/libgloss/i386   '
CCAS='i386-elf-gcc -B/home/michael/Lab/dwipe2/newlib-build/i386-elf/newlib/ -isystem /home/michael/Lab/dwipe2/newlib-build/i386-elf/newlib/targ-include -isystem /home/michael/Lab/dwipe2/newlib/newlib/libc/include -B/home/michael/Lab/dwipe2/newlib-build/i386-elf/libgloss/i386 -L/home/michael/Lab/dwipe2/newlib-build/i386-elf/libgloss/libnosys -L/home/michael/Lab/dwipe2/newlib/libgloss/i386   '
CCASFLAGS=''
CCDEPMODE='depmode=gcc3'
CYGPATH_W='echo'
DEFS='-DPACKAGE_NAME=\"libgloss\" -DPACKAGE_TARNAME=\"libgloss\" -DPACKAGE_VERSION=\"LIBGLOSS_VERSION\" -DPACKAGE_STRING=\"libgloss\ LIBGLOSS_VERSION\" -DPACKAGE_BUGREPORT=\"\" -DPACKAGE_URL=\"\"'
DEPDIR='.deps'
ECHO_C=''
ECHO_N='-n'
ECHO_T=''
INSTALL_DATA='/usr/bin/install -c -m 644'
INSTALL_PROGRAM='/usr/bin/install -c'
INSTALL_SCRIPT='/usr/bin/install -c'
INSTALL_STRIP_PROGRAM='${SHELL} $(install_sh) -c -s'
LD='i386-elf-ld'
LIBOBJS=''
LIBS=''
LTLIBOBJS=''
MAKEINFO='makeinfo --split-size=5000000'
PACKAGE='libgloss'
PACKAGE_BUGREPORT=''
PACKAGE_NAME='libgloss'
PACKAGE_STRING='libgloss LIBGLOSS_VERSION'
PACKAGE_TARNAME='libgloss'
PACKAGE_URL=''
PACKAGE_VERSION='LIBGLOSS_VERSION'
PATH_SEPARATOR=':'
RANLIB='i386-elf-ranlib'
SET_MAKE=''
SHELL='/bin/sh'
STRIP='i386-elf-strip'
VERSION='LIBGLOSS_VERSION'
am__fastdepCC_FALSE='#'
am__fastdepCC_TRUE=''
am__include='include'
am__leading_dot='.'
am__quote=''
am__tar='${AMTAR} chof - "$$tardir"'
am__untar='${AMTAR} xf -'
bindir='${exec_prefix}/bin'
build='i686-pc-linux-gnu'
build_alias='i686-pc-linux-gnu'
build_cpu='i686'
build_os='linux-gnu'
build_vendor='pc'
datadir='${datarootdir}'
datarootdir='${prefix}/share'
docdir='${datarootdir}/doc/${PACKAGE_TARNAME}'
dvidir='${docdir}'
exec_prefix='${prefix}'
host='i386-pc-elf'
host_alias='i386-elf'
host_cpu='i386'
host_makefile_frag_path='/home/michael/Lab/dwipe2/newlib-build/../newlib/libgloss/config/default.mh'
host_os='elf'
host_vendor='pc'
htmldir='${docdir}'
includedir='${prefix}/include'
infodir='${datarootdir}/info'
install_sh='/home/michael/Lab/dwipe2/newlib/install-sh'
libdir='${exec_prefix}/lib'
libexecdir='${exec_prefix}/libexec'
localedir='${datarootdir}/locale'
localstatedir='${prefix}/var'
mandir='${datarootdir}/man'
mkdir_p='mkdir -p --'
oldincludedir='/usr/include'
pdfdir='${docdir}'
prefix='/home/michael/Lab/dwipe2/newlib-build/../newlib-output'
program_transform_name='s&^&i386-elf-&'
psdir='${docdir}'
sbindir='${exec_prefix}/sbin'
sharedstatedir='${prefix}/com'
subdirs=' doc i386 libnosys minios'
sysconfdir='${prefix}/etc'
target='i386-pc-elf'
target_alias='i386-elf'
target_cpu='i386'
target_os='elf'
target_vendor='pc'

## ------------------- ##
## File substitutions. ##
## ------------------- ##

host_makefile_frag='/home/michael/Lab/dwipe2/newlib-build/../newlib/libgloss/config/default.mh'

## ----------- ##
## confdefs.h. ##
## ----------- ##

/* confdefs.h */
#define PACKAGE_NAME "libgloss"
#define PACKAGE_TARNAME "libgloss"
#define PACKAGE_VERSION "LIBGLOSS_VERSION"
#define PACKAGE_STRING "libgloss LIBGLOSS_VERSION"
#define PACKAGE_BUGREPORT ""
#define PACKAGE_URL ""

configure: exit 0
