This file contains any messages produced by compilers while
running configure, to aid debugging if configure makes a mistake.

It was created by PDCurses configure 3.4, which was
generated by GNU Autoconf 2.61.  Invocation command line was

  $ ./configure 

## --------- ##
## Platform. ##
## --------- ##

hostname = localhost.localdomain
uname -m = i686
uname -r = 2.6.33.7-co-0.7.9
uname -s = Linux
uname -v = #1 PREEMPT Sat Apr 9 20:30:51 UTC 2011

/usr/bin/uname -p = unknown
/bin/uname -X     = unknown

/bin/arch              = i686
/usr/bin/arch -k       = unknown
/usr/convex/getsysinfo = unknown
/usr/bin/hostinfo      = unknown
/bin/machine           = unknown
/usr/bin/oslevel       = unknown
/bin/universe          = unknown

PATH: /usr/lib/qt-3.3/bin
PATH: /usr/local/bin
PATH: /bin
PATH: /usr/bin
PATH: /usr/local/sbin
PATH: /usr/sbin
PATH: /sbin
PATH: /home/michael/bin


## ----------- ##
## Core tests. ##
## ----------- ##

configure:1796: checking for gcc
configure:1812: found /usr/bin/gcc
configure:1823: result: gcc
configure:2061: checking for C compiler version
configure:2068: gcc --version >&5
gcc (GCC) 4.4.7 20120313 (Red Hat 4.4.7-3)
Copyright (C) 2010 Free Software Foundation, Inc.
This is free software; see the source for copying conditions.  There is NO
warranty; not even for MERCHANTABILITY or FITNESS FOR A PARTICULAR PURPOSE.

configure:2071: $? = 0
configure:2078: gcc -v >&5
Using built-in specs.
Target: i686-redhat-linux
Configured with: ../configure --prefix=/usr --mandir=/usr/share/man --infodir=/usr/share/info --with-bugurl=http://bugzilla.redhat.com/bugzilla --enable-bootstrap --enable-shared --enable-threads=posix --enable-checking=release --with-system-zlib --enable-__cxa_atexit --disable-libunwind-exceptions --enable-gnu-unique-object --enable-languages=c,c++,objc,obj-c++,java,fortran,ada --enable-java-awt=gtk --disable-dssi --with-java-home=/usr/lib/jvm/java-1.5.0-gcj-1.5.0.0/jre --enable-libgcj-multifile --enable-java-maintainer-mode --with-ecj-jar=/usr/share/java/eclipse-ecj.jar --disable-libjava-multilib --with-ppl --with-cloog --with-tune=generic --with-arch=i686 --build=i686-redhat-linux
Thread model: posix
gcc version 4.4.7 20120313 (Red Hat 4.4.7-3) (GCC) 
configure:2081: $? = 0
configure:2088: gcc -V >&5
gcc: '-V' option must have argument
configure:2091: $? = 1
configure:2114: checking for C compiler default output file name
configure:2141: gcc    conftest.c  >&5
configure:2144: $? = 0
configure:2182: result: a.out
configure:2199: checking whether the C compiler works
configure:2209: ./a.out
configure:2212: $? = 0
configure:2229: result: yes
configure:2236: checking whether we are cross compiling
configure:2238: result: no
configure:2241: checking for suffix of executables
configure:2248: gcc -o conftest    conftest.c  >&5
configure:2251: $? = 0
configure:2275: result: 
configure:2281: checking for suffix of object files
configure:2307: gcc -c   conftest.c >&5
configure:2310: $? = 0
configure:2333: result: o
configure:2337: checking whether we are using the GNU C compiler
configure:2366: gcc -c   conftest.c >&5
configure:2372: $? = 0
configure:2389: result: yes
configure:2394: checking whether gcc accepts -g
configure:2424: gcc -c -g  conftest.c >&5
configure:2430: $? = 0
configure:2529: result: yes
configure:2546: checking for gcc option to accept ISO C89
configure:2620: gcc  -c -g -O2  conftest.c >&5
configure:2626: $? = 0
configure:2649: result: none needed
configure:2707: checking build system type
configure:2725: result: i686-pc-linux-gnu
configure:2747: checking host system type
configure:2762: result: i686-pc-linux-gnu
configure:2784: checking target system type
configure:2799: result: i686-pc-linux-gnu
configure:2856: checking for maximum signal specifier:
configure:2885: gcc -c -g -O2   conftest.c >&5
configure:2891: $? = 0
configure:2921: result: NSIG
configure:2969: checking for ranlib
configure:2985: found /usr/bin/ranlib
configure:2996: result: ranlib
configure:3035: checking for a BSD-compatible install
configure:3091: result: /usr/bin/install -c
configure:3102: checking whether make sets $(MAKE)
configure:3123: result: yes
configure:3138: checking how to run the C preprocessor
configure:3178: gcc -E  conftest.c
configure:3184: $? = 0
configure:3215: gcc -E  conftest.c
conftest.c:9:28: error: ac_nonexistent.h: No such file or directory
configure:3221: $? = 1
configure: failed program was:
| /* confdefs.h.  */
| #define PACKAGE_NAME "PDCurses"
| #define PACKAGE_TARNAME "PDCurses"
| #define PACKAGE_VERSION "3.4"
| #define PACKAGE_STRING "PDCurses 3.4"
| #define PACKAGE_BUGREPORT "wmcbrine@users.sf.net"
| #define PDC_MAX_SIGNALS NSIG
| /* end confdefs.h.  */
| #include <ac_nonexistent.h>
configure:3254: result: gcc -E
configure:3283: gcc -E  conftest.c
configure:3289: $? = 0
configure:3320: gcc -E  conftest.c
conftest.c:9:28: error: ac_nonexistent.h: No such file or directory
configure:3326: $? = 1
configure: failed program was:
| /* confdefs.h.  */
| #define PACKAGE_NAME "PDCurses"
| #define PACKAGE_TARNAME "PDCurses"
| #define PACKAGE_VERSION "3.4"
| #define PACKAGE_STRING "PDCurses 3.4"
| #define PACKAGE_BUGREPORT "wmcbrine@users.sf.net"
| #define PDC_MAX_SIGNALS NSIG
| /* end confdefs.h.  */
| #include <ac_nonexistent.h>
configure:3364: checking for grep that handles long lines and -e
configure:3438: result: /bin/grep
configure:3443: checking for egrep
configure:3521: result: /bin/grep -E
configure:3526: checking for ANSI C header files
configure:3556: gcc -c -g -O2  conftest.c >&5
configure:3562: $? = 0
configure:3661: gcc -o conftest -g -O2   conftest.c  >&5
configure:3664: $? = 0
configure:3670: ./conftest
configure:3673: $? = 0
configure:3690: result: yes
configure:3714: checking for sys/types.h
configure:3735: gcc -c -g -O2  conftest.c >&5
configure:3741: $? = 0
configure:3757: result: yes
configure:3714: checking for sys/stat.h
configure:3735: gcc -c -g -O2  conftest.c >&5
configure:3741: $? = 0
configure:3757: result: yes
configure:3714: checking for stdlib.h
configure:3735: gcc -c -g -O2  conftest.c >&5
configure:3741: $? = 0
configure:3757: result: yes
configure:3714: checking for string.h
configure:3735: gcc -c -g -O2  conftest.c >&5
configure:3741: $? = 0
configure:3757: result: yes
configure:3714: checking for memory.h
configure:3735: gcc -c -g -O2  conftest.c >&5
configure:3741: $? = 0
configure:3757: result: yes
configure:3714: checking for strings.h
configure:3735: gcc -c -g -O2  conftest.c >&5
configure:3741: $? = 0
configure:3757: result: yes
configure:3714: checking for inttypes.h
configure:3735: gcc -c -g -O2  conftest.c >&5
configure:3741: $? = 0
configure:3757: result: yes
configure:3714: checking for stdint.h
configure:3735: gcc -c -g -O2  conftest.c >&5
configure:3741: $? = 0
configure:3757: result: yes
configure:3714: checking for unistd.h
configure:3735: gcc -c -g -O2  conftest.c >&5
configure:3741: $? = 0
configure:3757: result: yes
configure:3780: checking sys/ipc.h usability
configure:3797: gcc -c -g -O2  conftest.c >&5
configure:3803: $? = 0
configure:3817: result: yes
configure:3821: checking sys/ipc.h presence
configure:3836: gcc -E  conftest.c
configure:3842: $? = 0
configure:3856: result: yes
configure:3889: checking for sys/ipc.h
configure:3896: result: yes
configure:3940: checking fcntl.h usability
configure:3957: gcc -c -g -O2  conftest.c >&5
configure:3963: $? = 0
configure:3977: result: yes
configure:3981: checking fcntl.h presence
configure:3996: gcc -E  conftest.c
configure:4002: $? = 0
configure:4016: result: yes
configure:4049: checking for fcntl.h
configure:4057: result: yes
configure:3940: checking sys/time.h usability
configure:3957: gcc -c -g -O2  conftest.c >&5
configure:3963: $? = 0
configure:3977: result: yes
configure:3981: checking sys/time.h presence
configure:3996: gcc -E  conftest.c
configure:4002: $? = 0
configure:4016: result: yes
configure:4049: checking for sys/time.h
configure:4057: result: yes
configure:3940: checking sys/select.h usability
configure:3957: gcc -c -g -O2  conftest.c >&5
configure:3963: $? = 0
configure:3977: result: yes
configure:3981: checking sys/select.h presence
configure:3996: gcc -E  conftest.c
configure:4002: $? = 0
configure:4016: result: yes
configure:4049: checking for sys/select.h
configure:4057: result: yes
configure:3940: checking dlfcn.h usability
configure:3957: gcc -c -g -O2  conftest.c >&5
configure:3963: $? = 0
configure:3977: result: yes
configure:3981: checking dlfcn.h presence
configure:3996: gcc -E  conftest.c
configure:4002: $? = 0
configure:4016: result: yes
configure:4049: checking for dlfcn.h
configure:4057: result: yes
configure:3940: checking dl.h usability
configure:3957: gcc -c -g -O2  conftest.c >&5
conftest.c:56:16: error: dl.h: No such file or directory
configure:3963: $? = 1
configure: failed program was:
| /* confdefs.h.  */
| #define PACKAGE_NAME "PDCurses"
| #define PACKAGE_TARNAME "PDCurses"
| #define PACKAGE_VERSION "3.4"
| #define PACKAGE_STRING "PDCurses 3.4"
| #define PACKAGE_BUGREPORT "wmcbrine@users.sf.net"
| #define PDC_MAX_SIGNALS NSIG
| #define STDC_HEADERS 1
| #define HAVE_SYS_TYPES_H 1
| #define HAVE_SYS_STAT_H 1
| #define HAVE_STDLIB_H 1
| #define HAVE_STRING_H 1
| #define HAVE_MEMORY_H 1
| #define HAVE_STRINGS_H 1
| #define HAVE_INTTYPES_H 1
| #define HAVE_STDINT_H 1
| #define HAVE_UNISTD_H 1
| #define HAVE_FCNTL_H 1
| #define HAVE_SYS_TIME_H 1
| #define HAVE_SYS_SELECT_H 1
| #define HAVE_DLFCN_H 1
| /* end confdefs.h.  */
| #include <stdio.h>
| #ifdef HAVE_SYS_TYPES_H
| # include <sys/types.h>
| #endif
| #ifdef HAVE_SYS_STAT_H
| # include <sys/stat.h>
| #endif
| #ifdef STDC_HEADERS
| # include <stdlib.h>
| # include <stddef.h>
| #else
| # ifdef HAVE_STDLIB_H
| #  include <stdlib.h>
| # endif
| #endif
| #ifdef HAVE_STRING_H
| # if !defined STDC_HEADERS && defined HAVE_MEMORY_H
| #  include <memory.h>
| # endif
| # include <string.h>
| #endif
| #ifdef HAVE_STRINGS_H
| # include <strings.h>
| #endif
| #ifdef HAVE_INTTYPES_H
| # include <inttypes.h>
| #endif
| #ifdef HAVE_STDINT_H
| # include <stdint.h>
| #endif
| #ifdef HAVE_UNISTD_H
| # include <unistd.h>
| #endif
| #include <dl.h>
configure:3977: result: no
configure:3981: checking dl.h presence
configure:3996: gcc -E  conftest.c
conftest.c:23:16: error: dl.h: No such file or directory
configure:4002: $? = 1
configure: failed program was:
| /* confdefs.h.  */
| #define PACKAGE_NAME "PDCurses"
| #define PACKAGE_TARNAME "PDCurses"
| #define PACKAGE_VERSION "3.4"
| #define PACKAGE_STRING "PDCurses 3.4"
| #define PACKAGE_BUGREPORT "wmcbrine@users.sf.net"
| #define PDC_MAX_SIGNALS NSIG
| #define STDC_HEADERS 1
| #define HAVE_SYS_TYPES_H 1
| #define HAVE_SYS_STAT_H 1
| #define HAVE_STDLIB_H 1
| #define HAVE_STRING_H 1
| #define HAVE_MEMORY_H 1
| #define HAVE_STRINGS_H 1
| #define HAVE_INTTYPES_H 1
| #define HAVE_STDINT_H 1
| #define HAVE_UNISTD_H 1
| #define HAVE_FCNTL_H 1
| #define HAVE_SYS_TIME_H 1
| #define HAVE_SYS_SELECT_H 1
| #define HAVE_DLFCN_H 1
| /* end confdefs.h.  */
| #include <dl.h>
configure:4016: result: no
configure:4049: checking for dl.h
configure:4057: result: no
configure:4071: checking whether time.h and sys/time.h may both be included
configure:4101: gcc -c -g -O2  conftest.c >&5
configure:4107: $? = 0
configure:4122: result: yes
configure:4148: checking for main in -lsocket
configure:4177: gcc -o conftest -g -O2   conftest.c -lsocket   >&5
/usr/bin/ld: cannot find -lsocket
collect2: ld returned 1 exit status
configure:4183: $? = 1
configure: failed program was:
| /* confdefs.h.  */
| #define PACKAGE_NAME "PDCurses"
| #define PACKAGE_TARNAME "PDCurses"
| #define PACKAGE_VERSION "3.4"
| #define PACKAGE_STRING "PDCurses 3.4"
| #define PACKAGE_BUGREPORT "wmcbrine@users.sf.net"
| #define PDC_MAX_SIGNALS NSIG
| #define STDC_HEADERS 1
| #define HAVE_SYS_TYPES_H 1
| #define HAVE_SYS_STAT_H 1
| #define HAVE_STDLIB_H 1
| #define HAVE_STRING_H 1
| #define HAVE_MEMORY_H 1
| #define HAVE_STRINGS_H 1
| #define HAVE_INTTYPES_H 1
| #define HAVE_STDINT_H 1
| #define HAVE_UNISTD_H 1
| #define HAVE_FCNTL_H 1
| #define HAVE_SYS_TIME_H 1
| #define HAVE_SYS_SELECT_H 1
| #define HAVE_DLFCN_H 1
| #define TIME_WITH_SYS_TIME 1
| /* end confdefs.h.  */
| 
| 
| int
| main ()
| {
| return main ();
|   ;
|   return 0;
| }
configure:4202: result: no
configure:4148: checking for main in -lnls
configure:4177: gcc -o conftest -g -O2   conftest.c -lnls   >&5
/usr/bin/ld: cannot find -lnls
collect2: ld returned 1 exit status
configure:4183: $? = 1
configure: failed program was:
| /* confdefs.h.  */
| #define PACKAGE_NAME "PDCurses"
| #define PACKAGE_TARNAME "PDCurses"
| #define PACKAGE_VERSION "3.4"
| #define PACKAGE_STRING "PDCurses 3.4"
| #define PACKAGE_BUGREPORT "wmcbrine@users.sf.net"
| #define PDC_MAX_SIGNALS NSIG
| #define STDC_HEADERS 1
| #define HAVE_SYS_TYPES_H 1
| #define HAVE_SYS_STAT_H 1
| #define HAVE_STDLIB_H 1
| #define HAVE_STRING_H 1
| #define HAVE_MEMORY_H 1
| #define HAVE_STRINGS_H 1
| #define HAVE_INTTYPES_H 1
| #define HAVE_STDINT_H 1
| #define HAVE_UNISTD_H 1
| #define HAVE_FCNTL_H 1
| #define HAVE_SYS_TIME_H 1
| #define HAVE_SYS_SELECT_H 1
| #define HAVE_DLFCN_H 1
| #define TIME_WITH_SYS_TIME 1
| /* end confdefs.h.  */
| 
| 
| int
| main ()
| {
| return main ();
|   ;
|   return 0;
| }
configure:4202: result: no
configure:4218: checking whether gcc understand -c and -o together
configure:4230: gcc -c conftest.c -o conftest.ooo 1>&5
configure:4233: $? = 0
configure:4234: gcc -c conftest.c -o conftest.ooo 1>&5
configure:4237: $? = 0
configure:4241: gcc -c conftest.c -o conftest.ooo 1>&5
configure:4244: $? = 0
configure:4245: gcc -c conftest.c -o conftest.ooo 1>&5
configure:4248: $? = 0
configure:4261: result: yes
configure:4272: checking return type of signal handlers
configure:4300: gcc -c -g -O2  conftest.c >&5
conftest.c: In function 'main':
conftest.c:30: error: void value not ignored as it ought to be
configure:4306: $? = 1
configure: failed program was:
| /* confdefs.h.  */
| #define PACKAGE_NAME "PDCurses"
| #define PACKAGE_TARNAME "PDCurses"
| #define PACKAGE_VERSION "3.4"
| #define PACKAGE_STRING "PDCurses 3.4"
| #define PACKAGE_BUGREPORT "wmcbrine@users.sf.net"
| #define PDC_MAX_SIGNALS NSIG
| #define STDC_HEADERS 1
| #define HAVE_SYS_TYPES_H 1
| #define HAVE_SYS_STAT_H 1
| #define HAVE_STDLIB_H 1
| #define HAVE_STRING_H 1
| #define HAVE_MEMORY_H 1
| #define HAVE_STRINGS_H 1
| #define HAVE_INTTYPES_H 1
| #define HAVE_STDINT_H 1
| #define HAVE_UNISTD_H 1
| #define HAVE_FCNTL_H 1
| #define HAVE_SYS_TIME_H 1
| #define HAVE_SYS_SELECT_H 1
| #define HAVE_DLFCN_H 1
| #define TIME_WITH_SYS_TIME 1
| /* end confdefs.h.  */
| #include <sys/types.h>
| #include <signal.h>
| 
| int
| main ()
| {
| return *(signal (0, 0)) (0) == 1;
|   ;
|   return 0;
| }
configure:4321: result: void
configure:4336: checking for vsscanf
configure:4392: gcc -o conftest -g -O2   conftest.c  >&5
conftest.c:48: warning: conflicting types for built-in function 'vsscanf'
configure:4398: $? = 0
configure:4416: result: yes
configure:4336: checking for usleep
configure:4392: gcc -o conftest -g -O2   conftest.c  >&5
configure:4398: $? = 0
configure:4416: result: yes
configure:4336: checking for poll
configure:4392: gcc -o conftest -g -O2   conftest.c  >&5
configure:4398: $? = 0
configure:4416: result: yes
configure:4336: checking for vsnprintf
configure:4392: gcc -o conftest -g -O2   conftest.c  >&5
conftest.c:51: warning: conflicting types for built-in function 'vsnprintf'
configure:4398: $? = 0
configure:4416: result: yes
configure:4427: checking for X
configure:4542: gcc -E  conftest.c
conftest.c:29:22: error: X11/Xlib.h: No such file or directory
configure:4548: $? = 1
configure: failed program was:
| /* confdefs.h.  */
| #define PACKAGE_NAME "PDCurses"
| #define PACKAGE_TARNAME "PDCurses"
| #define PACKAGE_VERSION "3.4"
| #define PACKAGE_STRING "PDCurses 3.4"
| #define PACKAGE_BUGREPORT "wmcbrine@users.sf.net"
| #define PDC_MAX_SIGNALS NSIG
| #define STDC_HEADERS 1
| #define HAVE_SYS_TYPES_H 1
| #define HAVE_SYS_STAT_H 1
| #define HAVE_STDLIB_H 1
| #define HAVE_STRING_H 1
| #define HAVE_MEMORY_H 1
| #define HAVE_STRINGS_H 1
| #define HAVE_INTTYPES_H 1
| #define HAVE_STDINT_H 1
| #define HAVE_UNISTD_H 1
| #define HAVE_FCNTL_H 1
| #define HAVE_SYS_TIME_H 1
| #define HAVE_SYS_SELECT_H 1
| #define HAVE_DLFCN_H 1
| #define TIME_WITH_SYS_TIME 1
| #define RETSIGTYPE void
| #define HAVE_VSSCANF 1
| #define HAVE_USLEEP 1
| #define HAVE_POLL 1
| #define HAVE_VSNPRINTF 1
| /* end confdefs.h.  */
| #include <X11/Xlib.h>
configure:4597: gcc -o conftest -g -O2   conftest.c -lX11  >&5
conftest.c:29:22: error: X11/Xlib.h: No such file or directory
configure:4603: $? = 1
configure: failed program was:
| /* confdefs.h.  */
| #define PACKAGE_NAME "PDCurses"
| #define PACKAGE_TARNAME "PDCurses"
| #define PACKAGE_VERSION "3.4"
| #define PACKAGE_STRING "PDCurses 3.4"
| #define PACKAGE_BUGREPORT "wmcbrine@users.sf.net"
| #define PDC_MAX_SIGNALS NSIG
| #define STDC_HEADERS 1
| #define HAVE_SYS_TYPES_H 1
| #define HAVE_SYS_STAT_H 1
| #define HAVE_STDLIB_H 1
| #define HAVE_STRING_H 1
| #define HAVE_MEMORY_H 1
| #define HAVE_STRINGS_H 1
| #define HAVE_INTTYPES_H 1
| #define HAVE_STDINT_H 1
| #define HAVE_UNISTD_H 1
| #define HAVE_FCNTL_H 1
| #define HAVE_SYS_TIME_H 1
| #define HAVE_SYS_SELECT_H 1
| #define HAVE_DLFCN_H 1
| #define TIME_WITH_SYS_TIME 1
| #define RETSIGTYPE void
| #define HAVE_VSSCANF 1
| #define HAVE_USLEEP 1
| #define HAVE_POLL 1
| #define HAVE_VSNPRINTF 1
| /* end confdefs.h.  */
| #include <X11/Xlib.h>
| int
| main ()
| {
| XrmInitialize ()
|   ;
|   return 0;
| }
configure:4651: result: no
configure:4719: error: Cannot find required header file Intrinsic.h; PDCurses cannot be configured

## ---------------- ##
## Cache variables. ##
## ---------------- ##

ac_cv_build=i686-pc-linux-gnu
ac_cv_c_compiler_gnu=yes
ac_cv_env_CC_set=
ac_cv_env_CC_value=
ac_cv_env_CFLAGS_set=
ac_cv_env_CFLAGS_value=
ac_cv_env_CPPFLAGS_set=
ac_cv_env_CPPFLAGS_value=
ac_cv_env_CPP_set=
ac_cv_env_CPP_value=
ac_cv_env_LDFLAGS_set=
ac_cv_env_LDFLAGS_value=
ac_cv_env_LIBS_set=
ac_cv_env_LIBS_value=
ac_cv_env_XMKMF_set=
ac_cv_env_XMKMF_value=
ac_cv_env_build_alias_set=
ac_cv_env_build_alias_value=
ac_cv_env_host_alias_set=
ac_cv_env_host_alias_value=
ac_cv_env_target_alias_set=
ac_cv_env_target_alias_value=
ac_cv_func_poll=yes
ac_cv_func_usleep=yes
ac_cv_func_vsnprintf=yes
ac_cv_func_vsscanf=yes
ac_cv_have_x=have_x=no
ac_cv_header_dl_h=no
ac_cv_header_dlfcn_h=yes
ac_cv_header_fcntl_h=yes
ac_cv_header_inttypes_h=yes
ac_cv_header_memory_h=yes
ac_cv_header_stdc=yes
ac_cv_header_stdint_h=yes
ac_cv_header_stdlib_h=yes
ac_cv_header_string_h=yes
ac_cv_header_strings_h=yes
ac_cv_header_sys_ipc_h=yes
ac_cv_header_sys_select_h=yes
ac_cv_header_sys_stat_h=yes
ac_cv_header_sys_time_h=yes
ac_cv_header_sys_types_h=yes
ac_cv_header_time=yes
ac_cv_header_unistd_h=yes
ac_cv_host=i686-pc-linux-gnu
ac_cv_lib_nls___main=no
ac_cv_lib_socket___main=no
ac_cv_objext=o
ac_cv_path_EGREP='/bin/grep -E'
ac_cv_path_GREP=/bin/grep
ac_cv_path_install='/usr/bin/install -c'
ac_cv_prog_CPP='gcc -E'
ac_cv_prog_ac_ct_CC=gcc
ac_cv_prog_ac_ct_RANLIB=ranlib
ac_cv_prog_cc_c89=
ac_cv_prog_cc_g=yes
ac_cv_prog_cc_gcc_c_o=yes
ac_cv_prog_make_make_set=yes
ac_cv_target=i686-pc-linux-gnu
ac_cv_type_signal=void
mh_cv_max_signals=NSIG

## ----------------- ##
## Output variables. ##
## ----------------- ##

CC2O='-o $@'
CC='gcc'
CFLAGS='-g -O2'
CPP='gcc -E'
CPPFLAGS=''
DEFS=''
DYN_COMP=''
ECHO_C=''
ECHO_N='-n'
ECHO_T=''
EGREP='/bin/grep -E'
EXEEXT=''
GREP='/bin/grep'
INSTALL_DATA='${INSTALL} -m 644'
INSTALL_PROGRAM='${INSTALL}'
INSTALL_SCRIPT='${INSTALL}'
LDFLAGS=''
LD_RXLIB1=''
LIBOBJS=''
LIBS=''
LTLIBOBJS=''
MH_EXTRA_LIBS=''
MH_XINC_DIR=''
MH_XLIBS=''
O2SAVE=''
OBJEXT='o'
PACKAGE_BUGREPORT='wmcbrine@users.sf.net'
PACKAGE_NAME='PDCurses'
PACKAGE_STRING='PDCurses 3.4'
PACKAGE_TARNAME='PDCurses'
PACKAGE_VERSION='3.4'
PATH_SEPARATOR=':'
PURIFY=''
RANLIB='ranlib'
RXPACKEXPORTS=''
SAVE2O=''
SET_MAKE=''
SHELL='/bin/sh'
SHLPRE=''
SHLPST=''
SHL_TARGETS=''
SYS_DEFS=''
XMKMF=''
ac_ct_CC='gcc'
bindir='${exec_prefix}/bin'
build='i686-pc-linux-gnu'
build_alias=''
build_cpu='i686'
build_os='linux-gnu'
build_vendor='pc'
datadir='${datarootdir}'
datarootdir='${prefix}/share'
docdir='${datarootdir}/doc/${PACKAGE_TARNAME}'
dvidir='${docdir}'
exec_prefix='NONE'
host='i686-pc-linux-gnu'
host_alias=''
host_cpu='i686'
host_os='linux-gnu'
host_vendor='pc'
htmldir='${docdir}'
includedir='${prefix}/include'
infodir='${datarootdir}/info'
libdir='${exec_prefix}/lib'
libexecdir='${exec_prefix}/libexec'
localedir='${datarootdir}/locale'
localstatedir='${prefix}/var'
mandir='${datarootdir}/man'
oldincludedir='/usr/include'
pdfdir='${docdir}'
prefix='NONE'
program_transform_name='s,x,x,'
psdir='${docdir}'
sbindir='${exec_prefix}/sbin'
sharedstatedir='${prefix}/com'
sysconfdir='${prefix}/etc'
target='i686-pc-linux-gnu'
target_alias=''
target_cpu='i686'
target_os='linux-gnu'
target_vendor='pc'

## ----------- ##
## confdefs.h. ##
## ----------- ##

#define PACKAGE_NAME "PDCurses"
#define PACKAGE_TARNAME "PDCurses"
#define PACKAGE_VERSION "3.4"
#define PACKAGE_STRING "PDCurses 3.4"
#define PACKAGE_BUGREPORT "wmcbrine@users.sf.net"
#define PDC_MAX_SIGNALS NSIG
#define STDC_HEADERS 1
#define HAVE_SYS_TYPES_H 1
#define HAVE_SYS_STAT_H 1
#define HAVE_STDLIB_H 1
#define HAVE_STRING_H 1
#define HAVE_MEMORY_H 1
#define HAVE_STRINGS_H 1
#define HAVE_INTTYPES_H 1
#define HAVE_STDINT_H 1
#define HAVE_UNISTD_H 1
#define HAVE_FCNTL_H 1
#define HAVE_SYS_TIME_H 1
#define HAVE_SYS_SELECT_H 1
#define HAVE_DLFCN_H 1
#define TIME_WITH_SYS_TIME 1
#define RETSIGTYPE void
#define HAVE_VSSCANF 1
#define HAVE_USLEEP 1
#define HAVE_POLL 1
#define HAVE_VSNPRINTF 1

configure: exit 1
